<?xml version="1.0" encoding="UTF-8" ?>
<testsuite failures="1" time="0.333" errors="0" skipped="0" tests="3" name="TestSuite">
  <properties>
    <property name="java.runtime.name" value="Java(TM) SE Runtime Environment"/>
    <property name="sun.boot.library.path" value="/System/Library/Java/JavaVirtualMachines/1.6.0.jdk/Contents/Libraries"/>
    <property name="java.vm.version" value="20.1-b02-384"/>
    <property name="awt.nativeDoubleBuffering" value="true"/>
    <property name="gopherProxySet" value="false"/>
    <property name="mrj.build" value="10M3425"/>
    <property name="java.vm.vendor" value="Apple Inc."/>
    <property name="java.vendor.url" value="http://www.apple.com/"/>
    <property name="path.separator" value=":"/>
    <property name="java.vm.name" value="Java HotSpot(TM) 64-Bit Server VM"/>
    <property name="file.encoding.pkg" value="sun.io"/>
    <property name="user.country" value="TW"/>
    <property name="sun.java.launcher" value="SUN_STANDARD"/>
    <property name="sun.os.patch.level" value="unknown"/>
    <property name="java.vm.specification.name" value="Java Virtual Machine Specification"/>
    <property name="user.dir" value="/Users/guilechao/git/pi/pi_testng"/>
    <property name="java.runtime.version" value="1.6.0_26-b03-384-10M3425"/>
    <property name="java.awt.graphicsenv" value="apple.awt.CGraphicsEnvironment"/>
    <property name="basedir" value="/Users/guilechao/git/pi/pi_testng"/>
    <property name="java.endorsed.dirs" value="/System/Library/Java/JavaVirtualMachines/1.6.0.jdk/Contents/Home/lib/endorsed"/>
    <property name="os.arch" value="x86_64"/>
    <property name="surefire.real.class.path" value="/Users/guilechao/git/pi/pi_testng/target/surefire/surefirebooter4134790824999609376.jar"/>
    <property name="java.io.tmpdir" value="/var/folders/iR/iROjijUWGliLc5FH3cITQU+++TI/-Tmp-/"/>
    <property name="line.separator" value="
"/>
    <property name="java.vm.specification.vendor" value="Sun Microsystems Inc."/>
    <property name="os.name" value="Mac OS X"/>
    <property name="sun.jnu.encoding" value="Big5"/>
    <property name="java.library.path" value=".:/Library/Java/Extensions:/System/Library/Java/Extensions:/usr/lib/java"/>
    <property name="surefire.test.class.path" value="/Users/guilechao/git/pi/pi_testng/target/test-classes:/Users/guilechao/git/pi/pi_testng/target/classes:/Users/guilechao/.m2/repository/org/testng/testng/6.4/testng-6.4.jar:/Users/guilechao/.m2/repository/junit/junit/3.8.1/junit-3.8.1.jar:/Users/guilechao/.m2/repository/org/beanshell/bsh/2.0b4/bsh-2.0b4.jar:/Users/guilechao/.m2/repository/com/beust/jcommander/1.12/jcommander-1.12.jar:/Users/guilechao/.m2/repository/org/yaml/snakeyaml/1.6/snakeyaml-1.6.jar:"/>
    <property name="java.specification.name" value="Java Platform API Specification"/>
    <property name="java.class.version" value="50.0"/>
    <property name="sun.management.compiler" value="HotSpot 64-Bit Tiered Compilers"/>
    <property name="os.version" value="10.6.8"/>
    <property name="user.home" value="/Users/guilechao"/>
    <property name="user.timezone" value="GMT+08:00"/>
    <property name="java.awt.printerjob" value="apple.awt.CPrinterJob"/>
    <property name="java.specification.version" value="1.6"/>
    <property name="file.encoding" value="Big5"/>
    <property name="user.name" value="guilechao"/>
    <property name="java.class.path" value="/Users/guilechao/git/pi/pi_testng/target/test-classes:/Users/guilechao/git/pi/pi_testng/target/classes:/Users/guilechao/.m2/repository/org/testng/testng/6.4/testng-6.4.jar:/Users/guilechao/.m2/repository/junit/junit/3.8.1/junit-3.8.1.jar:/Users/guilechao/.m2/repository/org/beanshell/bsh/2.0b4/bsh-2.0b4.jar:/Users/guilechao/.m2/repository/com/beust/jcommander/1.12/jcommander-1.12.jar:/Users/guilechao/.m2/repository/org/yaml/snakeyaml/1.6/snakeyaml-1.6.jar:"/>
    <property name="java.vm.specification.version" value="1.0"/>
    <property name="sun.arch.data.model" value="64"/>
    <property name="java.home" value="/System/Library/Java/JavaVirtualMachines/1.6.0.jdk/Contents/Home"/>
    <property name="sun.java.command" value="/Users/guilechao/git/pi/pi_testng/target/surefire/surefirebooter4134790824999609376.jar /Users/guilechao/git/pi/pi_testng/target/surefire/surefire6801992307377417695tmp /Users/guilechao/git/pi/pi_testng/target/surefire/surefire7985631496937930578tmp"/>
    <property name="java.specification.vendor" value="Sun Microsystems Inc."/>
    <property name="user.language" value="zh"/>
    <property name="awt.toolkit" value="apple.awt.CToolkit"/>
    <property name="java.vm.info" value="mixed mode"/>
    <property name="java.version" value="1.6.0_26"/>
    <property name="java.ext.dirs" value="/Library/Java/Extensions:/System/Library/Java/Extensions:/System/Library/Java/JavaVirtualMachines/1.6.0.jdk/Contents/Home/lib/ext"/>
    <property name="sun.boot.class.path" value="/System/Library/Java/JavaVirtualMachines/1.6.0.jdk/Contents/Classes/jsfd.jar:/System/Library/Java/JavaVirtualMachines/1.6.0.jdk/Contents/Classes/classes.jar:/System/Library/Frameworks/JavaVM.framework/Frameworks/JavaRuntimeSupport.framework/Resources/Java/JavaRuntimeSupport.jar:/System/Library/Java/JavaVirtualMachines/1.6.0.jdk/Contents/Classes/ui.jar:/System/Library/Java/JavaVirtualMachines/1.6.0.jdk/Contents/Classes/laf.jar:/System/Library/Java/JavaVirtualMachines/1.6.0.jdk/Contents/Classes/sunrsasign.jar:/System/Library/Java/JavaVirtualMachines/1.6.0.jdk/Contents/Classes/jsse.jar:/System/Library/Java/JavaVirtualMachines/1.6.0.jdk/Contents/Classes/jce.jar:/System/Library/Java/JavaVirtualMachines/1.6.0.jdk/Contents/Classes/charsets.jar"/>
    <property name="java.vendor" value="Apple Inc."/>
    <property name="localRepository" value="/Users/guilechao/.m2/repository"/>
    <property name="file.separator" value="/"/>
    <property name="java.vendor.url.bug" value="http://bugreport.apple.com/"/>
    <property name="sun.cpu.endian" value="little"/>
    <property name="sun.io.unicode.encoding" value="UnicodeLittle"/>
    <property name="mrj.version" value="1060.1.6.0_26-384"/>
    <property name="sun.cpu.isalist" value=""/>
  </properties>
  <testcase time="0.011" classname="Module1Test" name="TC00001"/>
  <testcase time="0.007" classname="Module1Test" name="TC00002">
    <failure message="expected:&lt;1&gt; but was:&lt;2&gt;" type="java.lang.AssertionError">java.lang.AssertionError: expected:&lt;1&gt; but was:&lt;2&gt;
	at org.testng.AssertJUnit.fail(AssertJUnit.java:59)
	at org.testng.AssertJUnit.failNotEquals(AssertJUnit.java:364)
	at org.testng.AssertJUnit.assertEquals(AssertJUnit.java:80)
	at org.testng.AssertJUnit.assertEquals(AssertJUnit.java:245)
	at org.testng.AssertJUnit.assertEquals(AssertJUnit.java:252)
	at Module1Test.TC00002(Module1Test.java:20)
</failure>
    <system-out>---------- onTestStart TC00002(this is test2 description) ----------
the 1st annotation is @org.testng.annotations.Test(expectedExceptions=[], alwaysRun=false, enabled=true, dependsOnMethods=[], ignoreMissingDependencies=false, testName=, dataProviderClass=class java.lang.Object, dataProvider=, expectedExceptionsMessageRegExp=.*, singleThreaded=false, suiteName=, dependsOnGroups=[], successPercentage=100, threadPoolSize=0, invocationTimeOut=0, retryAnalyzer=class java.lang.Class, sequential=false, timeOut=30000, invocationCount=1, priority=0, description=this is test2 description, parameters=[], skipFailedInvocations=false, groups=[P1, FVT])
---------- onTestFailure TC00002(this is test2 description) ----------
</system-out>
  </testcase>
  <testcase time="0.001" classname="Module1Test" name="TC00003"/>
</testsuite>